<?xml version="1.0" encoding="UTF-8"?>
<testsuites>
  <testsuite name="mattsmithdev Test Suite" tests="5" assertions="0" failures="0" errors="0" time="0.291107">
    <testsuite name="ItbTest\UserTest" file="C:\laragon\www\labTest\labTest1\tests\UserTest.php" tests="5" assertions="0" failures="0" errors="0" time="0.291107">
      <testcase name="testId" class="ItbTest\UserTest" file="C:\laragon\www\labTest\labTest1\tests\UserTest.php" line="15" assertions="0" time="0.005562"/>
      <testcase name="testUsername" class="ItbTest\UserTest" file="C:\laragon\www\labTest\labTest1\tests\UserTest.php" line="27" assertions="0" time="0.000234"/>
      <testcase name="testPassword" class="ItbTest\UserTest" file="C:\laragon\www\labTest\labTest1\tests\UserTest.php" line="39" assertions="0" time="0.261921"/>
      <testcase name="testRole" class="ItbTest\UserTest" file="C:\laragon\www\labTest\labTest1\tests\UserTest.php" line="51" assertions="0" time="0.000233"/>
      <testcase name="testGetOneByUsername" class="ItbTest\UserTest" file="C:\laragon\www\labTest\labTest1\tests\UserTest.php" line="63" assertions="0" time="0.023157"/>
    </testsuite>
  </testsuite>
</testsuites>
